#
# A fatal error has been detected by the Java Runtime Environment:
#
#  EXCEPTION_ACCESS_VIOLATION (0xc0000005) at pc=0x00007ff9e3154a36, pid=7888, tid=9400
#
# JRE version: Java(TM) SE Runtime Environment (21.0.1+12) (build 21.0.1+12-LTS-29)
# Java VM: Java HotSpot(TM) 64-Bit Server VM (21.0.1+12-LTS-29, mixed mode, sharing, tiered, compressed oops, compressed class ptrs, g1 gc, windows-amd64)
# Problematic frame:
# V  [jvm.dll+0x1e4a36]
#
# No core dump will be written. Minidumps are not enabled by default on client versions of Windows
#
# If you would like to submit a bug report, please visit:
#   https://bugreport.java.com/bugreport/crash.jsp
#

---------------  S U M M A R Y ------------

Command Line: -Dclassworlds.conf=C:\\apache-maven-3.9.6-bin\\apache-maven-3.9.6\\bin\\m2.conf -Dmaven.home=C:\\apache-maven-3.9.6-bin\\apache-maven-3.9.6 -Dlibrary.jansi.path=C:\\apache-maven-3.9.6-bin\\apache-maven-3.9.6\\lib\\jansi-native -Dmaven.multiModuleProjectDirectory=C:\\Users\\Barbara\\Desktop\\systematic org.codehaus.plexus.classworlds.launcher.Launcher install

Host: Intel(R) Core(TM) i5-9400F CPU @ 2.90GHz, 6 cores, 15G,  Windows 10 , 64 bit Build 19041 (10.0.19041.3570)
Time: Thu Feb 29 13:00:29 2024 Hora oficial do Brasil elapsed time: 24.003311 seconds (0d 0h 0m 24s)

---------------  T H R E A D  ---------------

Current thread (0x00000199971ffdd0):  JavaThread "C2 CompilerThread1" daemon [_thread_in_native, id=9400, stack(0x0000007cb8600000,0x0000007cb8700000) (1024K)]


Current CompileTask:
C2:  24003 28671       4       org.jetbrains.kotlin.codegen.optimization.DeadCodeEliminationMethodTransformer::transform (118 bytes)

Stack: [0x0000007cb8600000,0x0000007cb8700000],  sp=0x0000007cb86fc510,  free space=1009k
Native frames: (J=compiled Java code, j=interpreted, Vv=VM code, C=native code)
V  [jvm.dll+0x1e4a36]
V  [jvm.dll+0x3b592b]
V  [jvm.dll+0x3b48b5]
V  [jvm.dll+0x1e20ee]
V  [jvm.dll+0x249c22]
V  [jvm.dll+0x2490b1]
V  [jvm.dll+0x1c9ca1]
V  [jvm.dll+0x2586b9]
V  [jvm.dll+0x256c9a]
V  [jvm.dll+0x3ef1b6]
V  [jvm.dll+0x7fd728]
V  [jvm.dll+0x6c777d]
C  [ucrtbase.dll+0x21bb2]
C  [KERNEL32.DLL+0x17344]
C  [ntdll.dll+0x526b1]


siginfo: EXCEPTION_ACCESS_VIOLATION (0xc0000005), reading address 0x00002199a85f1810


Registers:
RAX=0x00002199a85f17d8, RBX=0x00000199a8395760, RCX=0x0000000000000007, RDX=0x0000000000000798
RSP=0x0000007cb86fc510, RBP=0x0000007cb86fc8c0, RSI=0x00000000000012b1, RDI=0x0000000000000798
R8 =0x0000000000000798, R9 =0x0000000000000400, R10=0x0000000000c00000, R11=0x0000000000000000
R12=0x00000199a85c2280, R13=0x00000000000012b1, R14=0x0000007cb86fcc60, R15=0x0000000000000000
RIP=0x00007ff9e3154a36, EFLAGS=0x0000000000010203


Register to memory mapping:

RAX=0x00002199a85f17d8 is an unknown value
RBX=0x00000199a8395760 points into unknown readable memory: 0x0000000000000000 | 00 00 00 00 00 00 00 00
RCX=0x0000000000000007 is an unknown value
RDX=0x0000000000000798 is an unknown value
RSP=0x0000007cb86fc510 is pointing into the stack for thread: 0x00000199971ffdd0
RBP=0x0000007cb86fc8c0 is pointing into the stack for thread: 0x00000199971ffdd0
RSI=0x00000000000012b1 is an unknown value
RDI=0x0000000000000798 is an unknown value
R8 =0x0000000000000798 is an unknown value
R9 =0x0000000000000400 is an unknown value
R10=0x0000000000c00000 is an unknown value
R11=0x0 is null
R12=0x00000199a85c2280 points into unknown readable memory: 0x00007ff9e39194b8 | b8 94 91 e3 f9 7f 00 00
R13=0x00000000000012b1 is an unknown value
R14=0x0000007cb86fcc60 is pointing into the stack for thread: 0x00000199971ffdd0
R15=0x0 is null

Top of Stack: (sp=0x0000007cb86fc510)
0x0000007cb86fc510:   00000199a8379100 0000000a00000000
0x0000007cb86fc520:   0000000000300000 0000000000000000
0x0000007cb86fc530:   00000199a87ab8a0 00007ff9e332592b
0x0000007cb86fc540:   00000199a88259d0 0000007cb86fc8c0
0x0000007cb86fc550:   00000000000012b1 0000000000000000
0x0000007cb86fc560:   0000000000000400 0000000300000798
0x0000007cb86fc570:   0000001300000008 0000019995d6a100
0x0000007cb86fc580:   0000019995d6a780 0000007cb86fc6a0
0x0000007cb86fc590:   0000000000000000 00000199a88259d0
0x0000007cb86fc5a0:   0000000000000002 00007ff9e33248b5
0x0000007cb86fc5b0:   00000199a85c22ac 0000007cb86fc6b0
0x0000007cb86fc5c0:   0000007cb86fcc60 0000007cb86fc730
0x0000007cb86fc5d0:   0000007cb86fc5f0 00007ff900000006
0x0000007cb86fc5e0:   0000000f00000011 00000199a84ba800
0x0000007cb86fc5f0:   0000000f00000000 0000000e00000020
0x0000007cb86fc600:   0000000000000000 000000000000000d
0x0000007cb86fc610:   00000199a85c2280 00007ff900000010
0x0000007cb86fc620:   0000001100000002 0000000d0000000d
0x0000007cb86fc630:   0000000000000000 00000199a84ba7e0
0x0000007cb86fc640:   0000000000000522 0000000000000007
0x0000007cb86fc650:   0000000000000000 0000000400000fd7
0x0000007cb86fc660:   0000001000000010 0000019995d6a0c0
0x0000007cb86fc670:   0000019995d6a780 0000007cb86fc6a0
0x0000007cb86fc680:   00000199a84ba84c 00000199a84ba854
0x0000007cb86fc690:   00000199a85c22ac 00000000000005a0
0x0000007cb86fc6a0:   0000001300000009 0000019995d6a780
0x0000007cb86fc6b0:   0000019997a78170 00007ff9e3034551
0x0000007cb86fc6c0:   00000000000003a8 0000000000000075
0x0000007cb86fc6d0:   00000199a8c2c710 00000000000005a0
0x0000007cb86fc6e0:   0000000000000000 00007ff9e354575b
0x0000007cb86fc6f0:   0000000000000012 0000007cb86fc789
0x0000007cb86fc700:   0000000000000000 0000007cb86fc789 

Instructions: (pc=0x00007ff9e3154a36)
0x00007ff9e3154936:   48 83 bb 88 00 00 00 00 7d 07 b8 ff ff 0f 00 eb
0x00007ff9e3154946:   09 48 8d 4b 38 e8 d0 13 53 00 0f b7 8b 9c 00 00
0x00007ff9e3154956:   00 3b c1 89 83 98 00 00 00 79 11 81 8b a8 00 00
0x00007ff9e3154966:   00 00 01 00 00 c7 43 30 2f 75 00 00 ff c7 c7 43
0x00007ff9e3154976:   34 00 00 00 00 3b be e0 00 00 00 0f 82 7b ff ff
0x00007ff9e3154986:   ff 0f 28 74 24 40 48 83 c4 58 41 5f 41 5e 41 5d
0x00007ff9e3154996:   41 5c 5f 5e 5d 5b c3 ba f8 03 00 00 48 8d 0d ff
0x00007ff9e31549a6:   4d 7c 00 e8 42 c1 09 00 cc 90 b3 45 1e 00 9d 49
0x00007ff9e31549b6:   1e 00 b3 45 1e 00 b3 45 1e 00 3d 45 1e 00 b3 45
0x00007ff9e31549c6:   1e 00 80 45 1e 00 80 45 1e 00 f3 45 1e 00 b3 45
0x00007ff9e31549d6:   1e 00 d0 45 1e 00 f3 45 1e 00 fa 45 1e 00 01 46
0x00007ff9e31549e6:   1e 00 d0 45 1e 00 b3 45 1e 00 48 8b 41 58 48 63
0x00007ff9e31549f6:   48 10 48 8d 05 e5 51 9e 00 48 c1 e1 05 8b 04 01
0x00007ff9e3154a06:   c3 cc cc cc cc cc cc cc cc cc 40 53 48 83 ec 20
0x00007ff9e3154a16:   48 8b d9 85 d2 75 08 32 c0 48 83 c4 20 5b c3 48
0x00007ff9e3154a26:   8b 43 08 8b ca 48 c1 e9 08 48 89 7c 24 30 8b fa
0x00007ff9e3154a36:   4c 8b 04 c8 48 8d 05 ef e3 a3 00 4c 3b c0 75 0b
0x00007ff9e3154a46:   48 8b cb e8 a2 5d 1d 00 4c 8b c0 40 0f b6 cf ba
0x00007ff9e3154a56:   01 00 00 00 48 c1 ef 06 80 e1 3f 83 e7 03 48 d3
0x00007ff9e3154a66:   e2 49 8b 0c f8 48 8b c1 48 0b c2 49 89 04 f8 48
0x00007ff9e3154a76:   8b 7c 24 30 48 23 ca 75 02 ff 03 48 85 c9 0f 94
0x00007ff9e3154a86:   c0 48 83 c4 20 5b c3 cc cc cc 44 8b d2 41 3b d0
0x00007ff9e3154a96:   7c 49 41 8d 80 c0 02 00 00 3b d0 7d 3e 44 8b ca
0x00007ff9e3154aa6:   45 2b c8 41 8b c1 83 e0 3f 0f b6 d0 41 8b c1 48
0x00007ff9e3154ab6:   c1 e8 06 48 8b 44 c1 38 48 0f a3 d0 73 1d 0f b7
0x00007ff9e3154ac6:   81 9c 00 00 00 83 f8 01 74 0e 8d 48 ff 8b c1 41
0x00007ff9e3154ad6:   23 c2 3b c1 0f 94 c0 c3 b0 01 c3 32 c0 c3 cc cc
0x00007ff9e3154ae6:   cc cc cc cc cc cc cc cc cc cc 40 55 41 55 41 57
0x00007ff9e3154af6:   48 83 ec 30 48 8b 41 48 33 ed 45 33 ff 4c 8b e9
0x00007ff9e3154b06:   39 68 40 0f 86 c7 00 00 00 48 89 5c 24 50 48 89
0x00007ff9e3154b16:   74 24 58 48 89 7c 24 60 4c 89 64 24 28 4c 89 74
0x00007ff9e3154b26:   24 20 0f 1f 84 00 00 00 00 00 48 8b 40 30 33 f6 


Stack slot to memory mapping:

stack at sp + 0 slots: 0x00000199a8379100 points into unknown readable memory: 0x0000001000000007 | 07 00 00 00 10 00 00 00
stack at sp + 1 slots: 0x0000000a00000000 is an unknown value
stack at sp + 2 slots: 0x0000000000300000 is an unknown value
stack at sp + 3 slots: 0x0 is null
stack at sp + 4 slots: 0x00000199a87ab8a0 points into unknown readable memory: 0x400fee74d7dd1dd1 | d1 1d dd d7 74 ee 0f 40
stack at sp + 5 slots: 0x00007ff9e332592b jvm.dll
stack at sp + 6 slots: 0x00000199a88259d0 points into unknown readable memory: 0x3f339f382c3d417e | 7e 41 3d 2c 38 9f 33 3f
stack at sp + 7 slots: 0x0000007cb86fc8c0 is pointing into the stack for thread: 0x00000199971ffdd0


---------------  P R O C E S S  ---------------

Threads class SMR info:
_java_thread_list=0x00000199957de830, length=12, elements={
0x00000199302bd8c0, 0x000001994effffc0, 0x000001994f000ee0, 0x000001994f007be0,
0x000001994f00af20, 0x000001994f008c50, 0x000001994f0096b0, 0x000001994f00a440,
0x000001994f00c590, 0x000001994f2c4520, 0x000001994f2c7580, 0x00000199971ffdd0
}

Java Threads: ( => current thread )
  0x00000199302bd8c0 JavaThread "main"                              [_thread_in_vm, id=11392, stack(0x0000007cb7400000,0x0000007cb7500000) (1024K)]
  0x000001994effffc0 JavaThread "Reference Handler"          daemon [_thread_blocked, id=4932, stack(0x0000007cb7c00000,0x0000007cb7d00000) (1024K)]
  0x000001994f000ee0 JavaThread "Finalizer"                  daemon [_thread_blocked, id=12032, stack(0x0000007cb7d00000,0x0000007cb7e00000) (1024K)]
  0x000001994f007be0 JavaThread "Signal Dispatcher"          daemon [_thread_blocked, id=12004, stack(0x0000007cb7e00000,0x0000007cb7f00000) (1024K)]
  0x000001994f00af20 JavaThread "Attach Listener"            daemon [_thread_blocked, id=5988, stack(0x0000007cb7f00000,0x0000007cb8000000) (1024K)]
  0x000001994f008c50 JavaThread "Service Thread"             daemon [_thread_blocked, id=2928, stack(0x0000007cb8000000,0x0000007cb8100000) (1024K)]
  0x000001994f0096b0 JavaThread "Monitor Deflation Thread"   daemon [_thread_blocked, id=3608, stack(0x0000007cb8100000,0x0000007cb8200000) (1024K)]
  0x000001994f00a440 JavaThread "C2 CompilerThread0"         daemon [_thread_in_native, id=4900, stack(0x0000007cb8200000,0x0000007cb8300000) (1024K)]
  0x000001994f00c590 JavaThread "C1 CompilerThread0"         daemon [_thread_blocked, id=6164, stack(0x0000007cb8300000,0x0000007cb8400000) (1024K)]
  0x000001994f2c4520 JavaThread "Notification Thread"        daemon [_thread_blocked, id=1296, stack(0x0000007cb8400000,0x0000007cb8500000) (1024K)]
  0x000001994f2c7580 JavaThread "Common-Cleaner"             daemon [_thread_blocked, id=11016, stack(0x0000007cb8500000,0x0000007cb8600000) (1024K)]
=>0x00000199971ffdd0 JavaThread "C2 CompilerThread1"         daemon [_thread_in_native, id=9400, stack(0x0000007cb8600000,0x0000007cb8700000) (1024K)]
Total: 12

Other Threads:
  0x000001994efe2750 VMThread "VM Thread"                           [id=7256, stack(0x0000007cb7b00000,0x0000007cb7c00000) (1024K)]
  0x000001994efc8fb0 WatcherThread "VM Periodic Task Thread"        [id=4332, stack(0x0000007cb7a00000,0x0000007cb7b00000) (1024K)]
  0x000001993031af50 WorkerThread "GC Thread#0"                     [id=11924, stack(0x0000007cb7500000,0x0000007cb7600000) (1024K)]
  0x000001994fd78d40 WorkerThread "GC Thread#1"                     [id=3300, stack(0x0000007cb8700000,0x0000007cb8800000) (1024K)]
  0x000001994fd790e0 WorkerThread "GC Thread#2"                     [id=9372, stack(0x0000007cb8800000,0x0000007cb8900000) (1024K)]
  0x00000199950748a0 WorkerThread "GC Thread#3"                     [id=9912, stack(0x0000007cb8900000,0x0000007cb8a00000) (1024K)]
  0x0000019995074c40 WorkerThread "GC Thread#4"                     [id=10848, stack(0x0000007cb8a00000,0x0000007cb8b00000) (1024K)]
  0x0000019995074fe0 WorkerThread "GC Thread#5"                     [id=11364, stack(0x0000007cb8b00000,0x0000007cb8c00000) (1024K)]
  0x000001993032bfe0 ConcurrentGCThread "G1 Main Marker"            [id=3944, stack(0x0000007cb7600000,0x0000007cb7700000) (1024K)]
  0x000001993032da90 WorkerThread "G1 Conc#0"                       [id=11460, stack(0x0000007cb7700000,0x0000007cb7800000) (1024K)]
  0x000001999527ade0 WorkerThread "G1 Conc#1"                       [id=12036, stack(0x0000007cb8c00000,0x0000007cb8d00000) (1024K)]
  0x000001993038e2b0 ConcurrentGCThread "G1 Refine#0"               [id=4884, stack(0x0000007cb7800000,0x0000007cb7900000) (1024K)]
  0x000001994ee894f0 ConcurrentGCThread "G1 Service"                [id=8996, stack(0x0000007cb7900000,0x0000007cb7a00000) (1024K)]
Total: 13

Threads with active compile tasks:
C2 CompilerThread0    24053 28661       4       org.jetbrains.kotlin.codegen.optimization.boxing.PopBackwardPropagationTransformer$Transformer::transform (1134 bytes)
C2 CompilerThread1    24053 28671       4       org.jetbrains.kotlin.codegen.optimization.DeadCodeEliminationMethodTransformer::transform (118 bytes)
Total: 2

VM state: not at safepoint (normal execution)

VM Mutex/Monitor currently owned by a thread: None

Heap address: 0x0000000701000000, size: 4080 MB, Compressed Oops mode: Zero based, Oop shift amount: 3

CDS archive(s) mapped at: [0x0000019950000000-0x0000019950c90000-0x0000019950c90000), size 13172736, SharedBaseAddress: 0x0000019950000000, ArchiveRelocationMode: 1.
Compressed class space mapped at: 0x0000019951000000-0x0000019991000000, reserved size: 1073741824
Narrow klass base: 0x0000019950000000, Narrow klass shift: 0, Narrow klass range: 0x100000000

GC Precious Log:
 CardTable entry size: 512
 Card Set container configuration: InlinePtr #cards 4 size 8 Array Of Cards #cards 16 size 48 Howl #buckets 8 coarsen threshold 3686 Howl Bitmap #cards 512 size 80 coarsen threshold 460 Card regions per heap region 1 cards per card region 4096
 CPUs: 6 total, 6 available
 Memory: 16319M
 Large Page Support: Disabled
 NUMA Support: Disabled
 Compressed Oops: Enabled (Zero based)
 Heap Region Size: 2M
 Heap Min Capacity: 8M
 Heap Initial Capacity: 256M
 Heap Max Capacity: 4080M
 Pre-touch: Disabled
 Parallel Workers: 6
 Concurrent Workers: 2
 Concurrent Refinement Workers: 6
 Periodic GC: Disabled

Heap:
 garbage-first heap   total 307200K, used 162333K [0x0000000701000000, 0x0000000800000000)
  region size 2048K, 25 young (51200K), 6 survivors (12288K)
 Metaspace       used 108075K, committed 109120K, reserved 1179648K
  class space    used 11163K, committed 11648K, reserved 1048576K

Heap Regions: E=young(eden), S=young(survivor), O=old, HS=humongous(starts), HC=humongous(continues), CS=collection set, F=free, TAMS=top-at-mark-start, PB=parsable bottom
|   0|0x0000000701000000, 0x0000000701200000, 0x0000000701200000|100%| O|  |TAMS 0x0000000701000000| PB 0x0000000701000000| Untracked 
|   1|0x0000000701200000, 0x0000000701400000, 0x0000000701400000|100%| O|  |TAMS 0x0000000701200000| PB 0x0000000701200000| Untracked 
|   2|0x0000000701400000, 0x0000000701600000, 0x0000000701600000|100%| O|  |TAMS 0x0000000701400000| PB 0x0000000701400000| Untracked 
|   3|0x0000000701600000, 0x0000000701800000, 0x0000000701800000|100%| O|  |TAMS 0x0000000701600000| PB 0x0000000701600000| Untracked 
|   4|0x0000000701800000, 0x0000000701a00000, 0x0000000701a00000|100%| O|  |TAMS 0x0000000701800000| PB 0x0000000701800000| Untracked 
|   5|0x0000000701a00000, 0x0000000701c00000, 0x0000000701c00000|100%| O|  |TAMS 0x0000000701a00000| PB 0x0000000701a00000| Untracked 
|   6|0x0000000701c00000, 0x0000000701e00000, 0x0000000701e00000|100%|HS|  |TAMS 0x0000000701c00000| PB 0x0000000701c00000| Complete 
|   7|0x0000000701e00000, 0x0000000702000000, 0x0000000702000000|100%|HC|  |TAMS 0x0000000701e00000| PB 0x0000000701e00000| Complete 
|   8|0x0000000702000000, 0x0000000702200000, 0x0000000702200000|100%| O|  |TAMS 0x0000000702000000| PB 0x0000000702000000| Untracked 
|   9|0x0000000702200000, 0x0000000702400000, 0x0000000702400000|100%| O|  |TAMS 0x0000000702200000| PB 0x0000000702200000| Untracked 
|  10|0x0000000702400000, 0x0000000702600000, 0x0000000702600000|100%| O|  |TAMS 0x0000000702400000| PB 0x0000000702400000| Untracked 
|  11|0x0000000702600000, 0x0000000702800000, 0x0000000702800000|100%| O|  |TAMS 0x0000000702600000| PB 0x0000000702600000| Untracked 
|  12|0x0000000702800000, 0x0000000702a00000, 0x0000000702a00000|100%| O|  |TAMS 0x0000000702800000| PB 0x0000000702800000| Untracked 
|  13|0x0000000702a00000, 0x0000000702c00000, 0x0000000702c00000|100%| O|  |TAMS 0x0000000702a00000| PB 0x0000000702a00000| Untracked 
|  14|0x0000000702c00000, 0x0000000702e00000, 0x0000000702e00000|100%| O|  |TAMS 0x0000000702c00000| PB 0x0000000702c00000| Untracked 
|  15|0x0000000702e00000, 0x0000000702e00000, 0x0000000703000000|  0%| F|  |TAMS 0x0000000702e00000| PB 0x0000000702e00000| Untracked 
|  16|0x0000000703000000, 0x0000000703200000, 0x0000000703200000|100%| O|  |TAMS 0x0000000703000000| PB 0x0000000703000000| Untracked 
|  17|0x0000000703200000, 0x0000000703400000, 0x0000000703400000|100%| O|  |TAMS 0x0000000703200000| PB 0x0000000703200000| Untracked 
|  18|0x0000000703400000, 0x0000000703400000, 0x0000000703600000|  0%| F|  |TAMS 0x0000000703400000| PB 0x0000000703400000| Untracked 
|  19|0x0000000703600000, 0x0000000703600000, 0x0000000703800000|  0%| F|  |TAMS 0x0000000703600000| PB 0x0000000703600000| Untracked 
|  20|0x0000000703800000, 0x0000000703800000, 0x0000000703a00000|  0%| F|  |TAMS 0x0000000703800000| PB 0x0000000703800000| Untracked 
|  21|0x0000000703a00000, 0x0000000703c00000, 0x0000000703c00000|100%| O|  |TAMS 0x0000000703a00000| PB 0x0000000703a00000| Untracked 
|  22|0x0000000703c00000, 0x0000000703c00000, 0x0000000703e00000|  0%| F|  |TAMS 0x0000000703c00000| PB 0x0000000703c00000| Untracked 
|  23|0x0000000703e00000, 0x0000000703ec2240, 0x0000000704000000| 37%| O|  |TAMS 0x0000000703e00000| PB 0x0000000703e00000| Untracked 
|  24|0x0000000704000000, 0x0000000704000000, 0x0000000704200000|  0%| F|  |TAMS 0x0000000704000000| PB 0x0000000704000000| Untracked 
|  25|0x0000000704200000, 0x0000000704400000, 0x0000000704400000|100%| O|  |TAMS 0x0000000704200000| PB 0x0000000704200000| Untracked 
|  26|0x0000000704400000, 0x0000000704400000, 0x0000000704600000|  0%| F|  |TAMS 0x0000000704400000| PB 0x0000000704400000| Untracked 
|  27|0x0000000704600000, 0x0000000704800000, 0x0000000704800000|100%| O|  |TAMS 0x0000000704600000| PB 0x0000000704600000| Untracked 
|  28|0x0000000704800000, 0x0000000704a00000, 0x0000000704a00000|100%| O|  |TAMS 0x0000000704800000| PB 0x0000000704800000| Untracked 
|  29|0x0000000704a00000, 0x0000000704bc5580, 0x0000000704c00000| 88%| S|CS|TAMS 0x0000000704a00000| PB 0x0000000704a00000| Complete 
|  30|0x0000000704c00000, 0x0000000704e00000, 0x0000000704e00000|100%| S|CS|TAMS 0x0000000704c00000| PB 0x0000000704c00000| Complete 
|  31|0x0000000704e00000, 0x0000000705000000, 0x0000000705000000|100%| S|CS|TAMS 0x0000000704e00000| PB 0x0000000704e00000| Complete 
|  32|0x0000000705000000, 0x0000000705200000, 0x0000000705200000|100%| S|CS|TAMS 0x0000000705000000| PB 0x0000000705000000| Complete 
|  33|0x0000000705200000, 0x0000000705200000, 0x0000000705400000|  0%| F|  |TAMS 0x0000000705200000| PB 0x0000000705200000| Untracked 
|  34|0x0000000705400000, 0x0000000705600000, 0x0000000705600000|100%| S|CS|TAMS 0x0000000705400000| PB 0x0000000705400000| Complete 
|  35|0x0000000705600000, 0x0000000705800000, 0x0000000705800000|100%| O|  |TAMS 0x0000000705600000| PB 0x0000000705600000| Untracked 
|  36|0x0000000705800000, 0x0000000705a00000, 0x0000000705a00000|100%| S|CS|TAMS 0x0000000705800000| PB 0x0000000705800000| Complete 
|  37|0x0000000705a00000, 0x0000000705a00000, 0x0000000705c00000|  0%| F|  |TAMS 0x0000000705a00000| PB 0x0000000705a00000| Untracked 
|  38|0x0000000705c00000, 0x0000000705c00000, 0x0000000705e00000|  0%| F|  |TAMS 0x0000000705c00000| PB 0x0000000705c00000| Untracked 
|  39|0x0000000705e00000, 0x0000000705e00000, 0x0000000706000000|  0%| F|  |TAMS 0x0000000705e00000| PB 0x0000000705e00000| Untracked 
|  40|0x0000000706000000, 0x0000000706000000, 0x0000000706200000|  0%| F|  |TAMS 0x0000000706000000| PB 0x0000000706000000| Untracked 
|  41|0x0000000706200000, 0x0000000706200000, 0x0000000706400000|  0%| F|  |TAMS 0x0000000706200000| PB 0x0000000706200000| Untracked 
|  42|0x0000000706400000, 0x0000000706600000, 0x0000000706600000|100%| O|  |TAMS 0x0000000706400000| PB 0x0000000706400000| Untracked 
|  43|0x0000000706600000, 0x0000000706800000, 0x0000000706800000|100%| O|  |TAMS 0x0000000706600000| PB 0x0000000706600000| Untracked 
|  44|0x0000000706800000, 0x0000000706800000, 0x0000000706a00000|  0%| F|  |TAMS 0x0000000706800000| PB 0x0000000706800000| Untracked 
|  45|0x0000000706a00000, 0x0000000706c00000, 0x0000000706c00000|100%|HS|  |TAMS 0x0000000706a00000| PB 0x0000000706a00000| Complete 
|  46|0x0000000706c00000, 0x0000000706e00000, 0x0000000706e00000|100%| O|  |TAMS 0x0000000706c00000| PB 0x0000000706c00000| Untracked 
|  47|0x0000000706e00000, 0x0000000706e00000, 0x0000000707000000|  0%| F|  |TAMS 0x0000000706e00000| PB 0x0000000706e00000| Untracked 
|  48|0x0000000707000000, 0x0000000707200000, 0x0000000707200000|100%| O|  |TAMS 0x0000000707000000| PB 0x0000000707000000| Untracked 
|  49|0x0000000707200000, 0x0000000707400000, 0x0000000707400000|100%| O|  |TAMS 0x0000000707200000| PB 0x0000000707200000| Untracked 
|  50|0x0000000707400000, 0x0000000707600000, 0x0000000707600000|100%| O|  |TAMS 0x0000000707400000| PB 0x0000000707400000| Untracked 
|  51|0x0000000707600000, 0x0000000707800000, 0x0000000707800000|100%| O|  |TAMS 0x0000000707600000| PB 0x0000000707600000| Untracked 
|  52|0x0000000707800000, 0x0000000707a00000, 0x0000000707a00000|100%| O|  |TAMS 0x0000000707800000| PB 0x0000000707800000| Untracked 
|  53|0x0000000707a00000, 0x0000000707c00000, 0x0000000707c00000|100%| O|  |TAMS 0x0000000707a00000| PB 0x0000000707a00000| Untracked 
|  54|0x0000000707c00000, 0x0000000707e00000, 0x0000000707e00000|100%| O|  |TAMS 0x0000000707c00000| PB 0x0000000707c00000| Untracked 
|  55|0x0000000707e00000, 0x0000000708000000, 0x0000000708000000|100%| O|  |TAMS 0x0000000707e00000| PB 0x0000000707e00000| Untracked 
|  56|0x0000000708000000, 0x0000000708200000, 0x0000000708200000|100%| O|  |TAMS 0x0000000708000000| PB 0x0000000708000000| Untracked 
|  57|0x0000000708200000, 0x0000000708400000, 0x0000000708400000|100%| O|  |TAMS 0x0000000708200000| PB 0x0000000708200000| Untracked 
|  58|0x0000000708400000, 0x0000000708600000, 0x0000000708600000|100%| O|  |TAMS 0x0000000708400000| PB 0x0000000708400000| Untracked 
|  59|0x0000000708600000, 0x0000000708800000, 0x0000000708800000|100%| O|  |TAMS 0x0000000708600000| PB 0x0000000708600000| Untracked 
|  60|0x0000000708800000, 0x0000000708a00000, 0x0000000708a00000|100%| O|  |TAMS 0x0000000708800000| PB 0x0000000708800000| Untracked 
|  61|0x0000000708a00000, 0x0000000708c00000, 0x0000000708c00000|100%| O|  |TAMS 0x0000000708a00000| PB 0x0000000708a00000| Untracked 
|  62|0x0000000708c00000, 0x0000000708e00000, 0x0000000708e00000|100%| O|  |TAMS 0x0000000708c00000| PB 0x0000000708c00000| Untracked 
|  63|0x0000000708e00000, 0x0000000709000000, 0x0000000709000000|100%| O|  |TAMS 0x0000000708e00000| PB 0x0000000708e00000| Untracked 
|  64|0x0000000709000000, 0x0000000709200000, 0x0000000709200000|100%| O|  |TAMS 0x0000000709000000| PB 0x0000000709000000| Untracked 
|  65|0x0000000709200000, 0x0000000709400000, 0x0000000709400000|100%| O|  |TAMS 0x0000000709200000| PB 0x0000000709200000| Untracked 
|  66|0x0000000709400000, 0x0000000709600000, 0x0000000709600000|100%| O|  |TAMS 0x0000000709400000| PB 0x0000000709400000| Untracked 
|  67|0x0000000709600000, 0x0000000709800000, 0x0000000709800000|100%| O|  |TAMS 0x0000000709600000| PB 0x0000000709600000| Untracked 
|  68|0x0000000709800000, 0x0000000709a00000, 0x0000000709a00000|100%| O|  |TAMS 0x0000000709800000| PB 0x0000000709800000| Untracked 
|  69|0x0000000709a00000, 0x0000000709c00000, 0x0000000709c00000|100%| O|  |TAMS 0x0000000709a00000| PB 0x0000000709a00000| Untracked 
|  70|0x0000000709c00000, 0x0000000709e00000, 0x0000000709e00000|100%| O|  |TAMS 0x0000000709c00000| PB 0x0000000709c00000| Untracked 
|  71|0x0000000709e00000, 0x0000000709e00000, 0x000000070a000000|  0%| F|  |TAMS 0x0000000709e00000| PB 0x0000000709e00000| Untracked 
|  72|0x000000070a000000, 0x000000070a000000, 0x000000070a200000|  0%| F|  |TAMS 0x000000070a000000| PB 0x000000070a000000| Untracked 
|  73|0x000000070a200000, 0x000000070a200000, 0x000000070a400000|  0%| F|  |TAMS 0x000000070a200000| PB 0x000000070a200000| Untracked 
|  74|0x000000070a400000, 0x000000070a400000, 0x000000070a600000|  0%| F|  |TAMS 0x000000070a400000| PB 0x000000070a400000| Untracked 
|  75|0x000000070a600000, 0x000000070a600000, 0x000000070a800000|  0%| F|  |TAMS 0x000000070a600000| PB 0x000000070a600000| Untracked 
|  76|0x000000070a800000, 0x000000070a800000, 0x000000070aa00000|  0%| F|  |TAMS 0x000000070a800000| PB 0x000000070a800000| Untracked 
|  77|0x000000070aa00000, 0x000000070aa00000, 0x000000070ac00000|  0%| F|  |TAMS 0x000000070aa00000| PB 0x000000070aa00000| Untracked 
|  78|0x000000070ac00000, 0x000000070ac00000, 0x000000070ae00000|  0%| F|  |TAMS 0x000000070ac00000| PB 0x000000070ac00000| Untracked 
|  79|0x000000070ae00000, 0x000000070ae00000, 0x000000070b000000|  0%| F|  |TAMS 0x000000070ae00000| PB 0x000000070ae00000| Untracked 
|  80|0x000000070b000000, 0x000000070b000000, 0x000000070b200000|  0%| F|  |TAMS 0x000000070b000000| PB 0x000000070b000000| Untracked 
|  81|0x000000070b200000, 0x000000070b200000, 0x000000070b400000|  0%| F|  |TAMS 0x000000070b200000| PB 0x000000070b200000| Untracked 
|  82|0x000000070b400000, 0x000000070b400000, 0x000000070b600000|  0%| F|  |TAMS 0x000000070b400000| PB 0x000000070b400000| Untracked 
|  83|0x000000070b600000, 0x000000070b600000, 0x000000070b800000|  0%| F|  |TAMS 0x000000070b600000| PB 0x000000070b600000| Untracked 
|  84|0x000000070b800000, 0x000000070b800000, 0x000000070ba00000|  0%| F|  |TAMS 0x000000070b800000| PB 0x000000070b800000| Untracked 
|  85|0x000000070ba00000, 0x000000070ba00000, 0x000000070bc00000|  0%| F|  |TAMS 0x000000070ba00000| PB 0x000000070ba00000| Untracked 
|  86|0x000000070bc00000, 0x000000070bc00000, 0x000000070be00000|  0%| F|  |TAMS 0x000000070bc00000| PB 0x000000070bc00000| Untracked 
|  87|0x000000070be00000, 0x000000070be00000, 0x000000070c000000|  0%| F|  |TAMS 0x000000070be00000| PB 0x000000070be00000| Untracked 
|  88|0x000000070c000000, 0x000000070c000000, 0x000000070c200000|  0%| F|  |TAMS 0x000000070c000000| PB 0x000000070c000000| Untracked 
|  89|0x000000070c200000, 0x000000070c200000, 0x000000070c400000|  0%| F|  |TAMS 0x000000070c200000| PB 0x000000070c200000| Untracked 
|  90|0x000000070c400000, 0x000000070c400000, 0x000000070c600000|  0%| F|  |TAMS 0x000000070c400000| PB 0x000000070c400000| Untracked 
|  91|0x000000070c600000, 0x000000070c600000, 0x000000070c800000|  0%| F|  |TAMS 0x000000070c600000| PB 0x000000070c600000| Untracked 
|  92|0x000000070c800000, 0x000000070c800000, 0x000000070ca00000|  0%| F|  |TAMS 0x000000070c800000| PB 0x000000070c800000| Untracked 
|  93|0x000000070ca00000, 0x000000070ca00000, 0x000000070cc00000|  0%| F|  |TAMS 0x000000070ca00000| PB 0x000000070ca00000| Untracked 
|  94|0x000000070cc00000, 0x000000070cc00000, 0x000000070ce00000|  0%| F|  |TAMS 0x000000070cc00000| PB 0x000000070cc00000| Untracked 
|  95|0x000000070ce00000, 0x000000070ce00000, 0x000000070d000000|  0%| F|  |TAMS 0x000000070ce00000| PB 0x000000070ce00000| Untracked 
|  96|0x000000070d000000, 0x000000070d000000, 0x000000070d200000|  0%| F|  |TAMS 0x000000070d000000| PB 0x000000070d000000| Untracked 
|  97|0x000000070d200000, 0x000000070d200000, 0x000000070d400000|  0%| F|  |TAMS 0x000000070d200000| PB 0x000000070d200000| Untracked 
|  98|0x000000070d400000, 0x000000070d400000, 0x000000070d600000|  0%| F|  |TAMS 0x000000070d400000| PB 0x000000070d400000| Untracked 
|  99|0x000000070d600000, 0x000000070d600000, 0x000000070d800000|  0%| F|  |TAMS 0x000000070d600000| PB 0x000000070d600000| Untracked 
| 100|0x000000070d800000, 0x000000070d800000, 0x000000070da00000|  0%| F|  |TAMS 0x000000070d800000| PB 0x000000070d800000| Untracked 
| 101|0x000000070da00000, 0x000000070da00000, 0x000000070dc00000|  0%| F|  |TAMS 0x000000070da00000| PB 0x000000070da00000| Untracked 
| 102|0x000000070dc00000, 0x000000070dc00000, 0x000000070de00000|  0%| F|  |TAMS 0x000000070dc00000| PB 0x000000070dc00000| Untracked 
| 103|0x000000070de00000, 0x000000070de00000, 0x000000070e000000|  0%| F|  |TAMS 0x000000070de00000| PB 0x000000070de00000| Untracked 
| 104|0x000000070e000000, 0x000000070e000000, 0x000000070e200000|  0%| F|  |TAMS 0x000000070e000000| PB 0x000000070e000000| Untracked 
| 105|0x000000070e200000, 0x000000070e200000, 0x000000070e400000|  0%| F|  |TAMS 0x000000070e200000| PB 0x000000070e200000| Untracked 
| 106|0x000000070e400000, 0x000000070e400000, 0x000000070e600000|  0%| F|  |TAMS 0x000000070e400000| PB 0x000000070e400000| Untracked 
| 107|0x000000070e600000, 0x000000070e600000, 0x000000070e800000|  0%| F|  |TAMS 0x000000070e600000| PB 0x000000070e600000| Untracked 
| 108|0x000000070e800000, 0x000000070e800000, 0x000000070ea00000|  0%| F|  |TAMS 0x000000070e800000| PB 0x000000070e800000| Untracked 
| 109|0x000000070ea00000, 0x000000070ea00000, 0x000000070ec00000|  0%| F|  |TAMS 0x000000070ea00000| PB 0x000000070ea00000| Untracked 
| 110|0x000000070ec00000, 0x000000070ec00000, 0x000000070ee00000|  0%| F|  |TAMS 0x000000070ec00000| PB 0x000000070ec00000| Untracked 
| 111|0x000000070ee00000, 0x000000070ee00000, 0x000000070f000000|  0%| F|  |TAMS 0x000000070ee00000| PB 0x000000070ee00000| Untracked 
| 112|0x000000070f000000, 0x000000070f000000, 0x000000070f200000|  0%| F|  |TAMS 0x000000070f000000| PB 0x000000070f000000| Untracked 
| 113|0x000000070f200000, 0x000000070f200000, 0x000000070f400000|  0%| F|  |TAMS 0x000000070f200000| PB 0x000000070f200000| Untracked 
| 114|0x000000070f400000, 0x000000070f400000, 0x000000070f600000|  0%| F|  |TAMS 0x000000070f400000| PB 0x000000070f400000| Untracked 
| 115|0x000000070f600000, 0x000000070f600000, 0x000000070f800000|  0%| F|  |TAMS 0x000000070f600000| PB 0x000000070f600000| Untracked 
| 116|0x000000070f800000, 0x000000070f800000, 0x000000070fa00000|  0%| F|  |TAMS 0x000000070f800000| PB 0x000000070f800000| Untracked 
| 117|0x000000070fa00000, 0x000000070fa00000, 0x000000070fc00000|  0%| F|  |TAMS 0x000000070fa00000| PB 0x000000070fa00000| Untracked 
| 118|0x000000070fc00000, 0x000000070fc00000, 0x000000070fe00000|  0%| F|  |TAMS 0x000000070fc00000| PB 0x000000070fc00000| Untracked 
| 119|0x000000070fe00000, 0x000000070fe00000, 0x0000000710000000|  0%| F|  |TAMS 0x000000070fe00000| PB 0x000000070fe00000| Untracked 
| 120|0x0000000710000000, 0x0000000710000000, 0x0000000710200000|  0%| F|  |TAMS 0x0000000710000000| PB 0x0000000710000000| Untracked 
| 121|0x0000000710200000, 0x0000000710200000, 0x0000000710400000|  0%| F|  |TAMS 0x0000000710200000| PB 0x0000000710200000| Untracked 
| 122|0x0000000710400000, 0x0000000710400000, 0x0000000710600000|  0%| F|  |TAMS 0x0000000710400000| PB 0x0000000710400000| Untracked 
| 123|0x0000000710600000, 0x0000000710600000, 0x0000000710800000|  0%| F|  |TAMS 0x0000000710600000| PB 0x0000000710600000| Untracked 
| 124|0x0000000710800000, 0x0000000710900800, 0x0000000710a00000| 50%| E|  |TAMS 0x0000000710800000| PB 0x0000000710800000| Complete 
| 125|0x0000000710a00000, 0x0000000710c00000, 0x0000000710c00000|100%| E|CS|TAMS 0x0000000710a00000| PB 0x0000000710a00000| Complete 
| 126|0x0000000710c00000, 0x0000000710e00000, 0x0000000710e00000|100%| E|CS|TAMS 0x0000000710c00000| PB 0x0000000710c00000| Complete 
| 127|0x0000000710e00000, 0x0000000711000000, 0x0000000711000000|100%| E|CS|TAMS 0x0000000710e00000| PB 0x0000000710e00000| Complete 
| 128|0x0000000711000000, 0x0000000711200000, 0x0000000711200000|100%| E|CS|TAMS 0x0000000711000000| PB 0x0000000711000000| Complete 
| 129|0x0000000711200000, 0x0000000711400000, 0x0000000711400000|100%| E|CS|TAMS 0x0000000711200000| PB 0x0000000711200000| Complete 
| 130|0x0000000711400000, 0x0000000711600000, 0x0000000711600000|100%| E|CS|TAMS 0x0000000711400000| PB 0x0000000711400000| Complete 
| 131|0x0000000711600000, 0x0000000711800000, 0x0000000711800000|100%| E|CS|TAMS 0x0000000711600000| PB 0x0000000711600000| Complete 
| 132|0x0000000711800000, 0x0000000711a00000, 0x0000000711a00000|100%| E|CS|TAMS 0x0000000711800000| PB 0x0000000711800000| Complete 
| 133|0x0000000711a00000, 0x0000000711c00000, 0x0000000711c00000|100%| E|CS|TAMS 0x0000000711a00000| PB 0x0000000711a00000| Complete 
| 134|0x0000000711c00000, 0x0000000711e00000, 0x0000000711e00000|100%| E|CS|TAMS 0x0000000711c00000| PB 0x0000000711c00000| Complete 
| 135|0x0000000711e00000, 0x0000000712000000, 0x0000000712000000|100%| E|CS|TAMS 0x0000000711e00000| PB 0x0000000711e00000| Complete 
| 136|0x0000000712000000, 0x0000000712200000, 0x0000000712200000|100%| E|CS|TAMS 0x0000000712000000| PB 0x0000000712000000| Complete 
| 137|0x0000000712200000, 0x0000000712400000, 0x0000000712400000|100%| E|CS|TAMS 0x0000000712200000| PB 0x0000000712200000| Complete 
| 138|0x0000000712400000, 0x0000000712600000, 0x0000000712600000|100%| E|CS|TAMS 0x0000000712400000| PB 0x0000000712400000| Complete 
| 139|0x0000000712600000, 0x0000000712800000, 0x0000000712800000|100%| E|CS|TAMS 0x0000000712600000| PB 0x0000000712600000| Complete 
| 140|0x0000000712800000, 0x0000000712a00000, 0x0000000712a00000|100%| E|CS|TAMS 0x0000000712800000| PB 0x0000000712800000| Complete 
| 141|0x0000000712a00000, 0x0000000712c00000, 0x0000000712c00000|100%| E|CS|TAMS 0x0000000712a00000| PB 0x0000000712a00000| Complete 
|2032|0x00000007ff000000, 0x00000007ff200000, 0x00000007ff200000|100%| E|CS|TAMS 0x00000007ff000000| PB 0x00000007ff000000| Complete 
|2033|0x00000007ff200000, 0x00000007ff400000, 0x00000007ff400000|100%| E|CS|TAMS 0x00000007ff200000| PB 0x00000007ff200000| Complete 
|2034|0x00000007ff400000, 0x00000007ff600000, 0x00000007ff600000|100%| O|  |TAMS 0x00000007ff400000| PB 0x00000007ff400000| Untracked 
|2035|0x00000007ff600000, 0x00000007ff800000, 0x00000007ff800000|100%| O|  |TAMS 0x00000007ff600000| PB 0x00000007ff600000| Untracked 
|2036|0x00000007ff800000, 0x00000007ffa00000, 0x00000007ffa00000|100%| O|  |TAMS 0x00000007ff800000| PB 0x00000007ff800000| Untracked 
|2037|0x00000007ffa00000, 0x00000007ffc00000, 0x00000007ffc00000|100%| O|  |TAMS 0x00000007ffa00000| PB 0x00000007ffa00000| Untracked 
|2038|0x00000007ffc00000, 0x00000007ffe00000, 0x00000007ffe00000|100%| O|  |TAMS 0x00000007ffc00000| PB 0x00000007ffc00000| Untracked 
|2039|0x00000007ffe00000, 0x0000000800000000, 0x0000000800000000|100%| O|  |TAMS 0x00000007ffe00000| PB 0x00000007ffe00000| Untracked 

Card table byte_map: [0x0000019948030000,0x0000019948830000] _byte_map_base: 0x0000019944828000

Marking Bits: (CMBitMap*) 0x000001993031b650
 Bits: [0x0000019948830000, 0x000001994c7f0000)

Polling page: 0x000001992fa90000

Metaspace:

Usage:
  Non-class:     94.64 MB used.
      Class:     10.90 MB used.
       Both:    105.54 MB used.

Virtual space:
  Non-class space:      128.00 MB reserved,      95.19 MB ( 74%) committed,  2 nodes.
      Class space:        1.00 GB reserved,      11.38 MB (  1%) committed,  1 nodes.
             Both:        1.12 GB reserved,     106.56 MB (  9%) committed. 

Chunk freelists:
   Non-Class:  768.00 KB
       Class:  4.45 MB
        Both:  5.20 MB

MaxMetaspaceSize: unlimited
CompressedClassSpaceSize: 1.00 GB
Initial GC threshold: 21.00 MB
Current GC threshold: 174.31 MB
CDS: on
 - commit_granule_bytes: 65536.
 - commit_granule_words: 8192.
 - virtual_space_node_default_size: 8388608.
 - enlarge_chunks_in_place: 1.
 - use_allocation_guard: 0.


Internal statistics:

num_allocs_failed_limit: 9.
num_arena_births: 1568.
num_arena_deaths: 0.
num_vsnodes_births: 3.
num_vsnodes_deaths: 0.
num_space_committed: 1703.
num_space_uncommitted: 0.
num_chunks_returned_to_freelist: 9.
num_chunks_taken_from_freelist: 5493.
num_chunk_merges: 6.
num_chunk_splits: 4243.
num_chunks_enlarged: 3473.
num_inconsistent_stats: 0.

CodeHeap 'non-profiled nmethods': size=120000Kb used=14661Kb max_used=14661Kb free=105338Kb
 bounds [0x00000199401f0000, 0x0000019941050000, 0x0000019947720000]
CodeHeap 'profiled nmethods': size=120000Kb used=70643Kb max_used=70643Kb free=49357Kb
 bounds [0x0000019938720000, 0x000001993cc20000, 0x000001993fc50000]
CodeHeap 'non-nmethods': size=5760Kb used=1870Kb max_used=1976Kb free=3889Kb
 bounds [0x000001993fc50000, 0x000001993fec0000, 0x00000199401f0000]
 total_blobs=22442 nmethods=21596 adapters=745
 compilation: enabled
              stopped_count=0, restarted_count=0
 full_count=0

Compilation events (20 events):
Event: 23.987 Thread 0x000001994f00c590 28724       2       kotlin.text.StringsKt__StringsKt$rangesDelimitedBy$1::<init> (16 bytes)
Event: 23.987 Thread 0x000001994f00c590 nmethod 28724 0x000001993cbe6690 code [0x000001993cbe6820, 0x000001993cbe6988]
Event: 23.987 Thread 0x000001994f00c590 28726       2       org.jetbrains.kotlin.backend.jvm.codegen.ClassCodegenKt::getFlags (121 bytes)
Event: 23.988 Thread 0x000001994f00c590 nmethod 28726 0x000001993cbe6a10 code [0x000001993cbe6da0, 0x000001993cbe7908]
Event: 23.988 Thread 0x000001994f00c590 28727       2       org.jetbrains.kotlin.backend.jvm.codegen.IrCodegenUtilsKt::getVisibilityAccessFlagForClass (64 bytes)
Event: 23.988 Thread 0x000001994f00c590 nmethod 28727 0x000001993cbe8010 code [0x000001993cbe8260, 0x000001993cbe8698]
Event: 23.988 Thread 0x000001994f00c590 28728       2       org.jetbrains.kotlin.backend.jvm.codegen.ClassCodegenKt::getSynthAccessFlag (48 bytes)
Event: 23.988 Thread 0x000001994f00c590 nmethod 28728 0x000001993cbe8910 code [0x000001993cbe8b00, 0x000001993cbe8d90]
Event: 23.989 Thread 0x000001994f00c590 28732       2       org.jetbrains.kotlin.codegen.AbstractClassBuilder::getSerializationBindings (14 bytes)
Event: 23.989 Thread 0x000001994f00c590 nmethod 28732 0x000001993cbe8f10 code [0x000001993cbe90c0, 0x000001993cbe9208]
Event: 23.989 Thread 0x000001994f00c590 28733       2       org.jetbrains.kotlin.backend.jvm.metadata.DescriptorMetadataSerializer::<init> (348 bytes)
Event: 23.990 Thread 0x000001994f00c590 nmethod 28733 0x000001993cbe9290 code [0x000001993cbe9660, 0x000001993cbea948]
Event: 23.990 Thread 0x000001994f00c590 28734       2       org.jetbrains.kotlin.codegen.serialization.JvmSerializerExtension::<init> (155 bytes)
Event: 23.991 Thread 0x000001994f00c590 nmethod 28734 0x000001993cbeb310 code [0x000001993cbeb620, 0x000001993cbec508]
Event: 23.991 Thread 0x000001994f00c590 28735       2       org.jetbrains.kotlin.codegen.serialization.JvmCodegenStringTable::<init> (15 bytes)
Event: 23.991 Thread 0x000001994f00c590 nmethod 28735 0x000001993cbecb10 code [0x000001993cbecd00, 0x000001993cbed0a8]
Event: 23.991 Thread 0x000001994f00c590 28725       2       kotlin.text.StringsKt__StringsKt$splitToSequence$2::<init> (11 bytes)
Event: 23.992 Thread 0x000001994f00c590 nmethod 28725 0x000001993cbed290 code [0x000001993cbed420, 0x000001993cbed580]
Event: 23.994 Thread 0x000001994f00c590 28736       3       org.jetbrains.kotlin.backend.jvm.codegen.ClassCodegen::mapToJava (41 bytes)
Event: 23.994 Thread 0x000001994f00c590 nmethod 28736 0x000001993cbed610 code [0x000001993cbed800, 0x000001993cbedb08]

GC Heap History (20 events):
Event: 16.454 GC heap before
{Heap before GC invocations=28 (full 0):
 garbage-first heap   total 194560K, used 170369K [0x0000000701000000, 0x0000000800000000)
  region size 2048K, 40 young (81920K), 5 survivors (10240K)
 Metaspace       used 103810K, committed 104896K, reserved 1179648K
  class space    used 10949K, committed 11456K, reserved 1048576K
}
Event: 16.469 GC heap after
{Heap after GC invocations=29 (full 0):
 garbage-first heap   total 196608K, used 109297K [0x0000000701000000, 0x0000000800000000)
  region size 2048K, 5 young (10240K), 5 survivors (10240K)
 Metaspace       used 103810K, committed 104896K, reserved 1179648K
  class space    used 10949K, committed 11456K, reserved 1048576K
}
Event: 17.041 GC heap before
{Heap before GC invocations=29 (full 0):
 garbage-first heap   total 196608K, used 172785K [0x0000000701000000, 0x0000000800000000)
  region size 2048K, 36 young (73728K), 5 survivors (10240K)
 Metaspace       used 104112K, committed 105152K, reserved 1179648K
  class space    used 10956K, committed 11456K, reserved 1048576K
}
Event: 17.052 GC heap after
{Heap after GC invocations=30 (full 0):
 garbage-first heap   total 196608K, used 119403K [0x0000000701000000, 0x0000000800000000)
  region size 2048K, 5 young (10240K), 5 survivors (10240K)
 Metaspace       used 104112K, committed 105152K, reserved 1179648K
  class space    used 10956K, committed 11456K, reserved 1048576K
}
Event: 17.850 GC heap before
{Heap before GC invocations=31 (full 0):
 garbage-first heap   total 212992K, used 174699K [0x0000000701000000, 0x0000000800000000)
  region size 2048K, 31 young (63488K), 5 survivors (10240K)
 Metaspace       used 104360K, committed 105408K, reserved 1179648K
  class space    used 10970K, committed 11456K, reserved 1048576K
}
Event: 17.859 GC heap after
{Heap after GC invocations=32 (full 0):
 garbage-first heap   total 212992K, used 128056K [0x0000000701000000, 0x0000000800000000)
  region size 2048K, 4 young (8192K), 4 survivors (8192K)
 Metaspace       used 104360K, committed 105408K, reserved 1179648K
  class space    used 10970K, committed 11456K, reserved 1048576K
}
Event: 18.800 GC heap before
{Heap before GC invocations=32 (full 0):
 garbage-first heap   total 212992K, used 187448K [0x0000000701000000, 0x0000000800000000)
  region size 2048K, 33 young (67584K), 4 survivors (8192K)
 Metaspace       used 104680K, committed 105728K, reserved 1179648K
  class space    used 10988K, committed 11456K, reserved 1048576K
}
Event: 18.810 GC heap after
{Heap after GC invocations=33 (full 0):
 garbage-first heap   total 256000K, used 131649K [0x0000000701000000, 0x0000000800000000)
  region size 2048K, 3 young (6144K), 3 survivors (6144K)
 Metaspace       used 104680K, committed 105728K, reserved 1179648K
  class space    used 10988K, committed 11456K, reserved 1048576K
}
Event: 19.920 GC heap before
{Heap before GC invocations=33 (full 0):
 garbage-first heap   total 256000K, used 225857K [0x0000000701000000, 0x0000000800000000)
  region size 2048K, 49 young (100352K), 3 survivors (6144K)
 Metaspace       used 104940K, committed 105984K, reserved 1179648K
  class space    used 10991K, committed 11456K, reserved 1048576K
}
Event: 19.932 GC heap after
{Heap after GC invocations=34 (full 0):
 garbage-first heap   total 256000K, used 139794K [0x0000000701000000, 0x0000000800000000)
  region size 2048K, 7 young (14336K), 7 survivors (14336K)
 Metaspace       used 104940K, committed 105984K, reserved 1179648K
  class space    used 10991K, committed 11456K, reserved 1048576K
}
Event: 20.972 GC heap before
{Heap before GC invocations=34 (full 0):
 garbage-first heap   total 256000K, used 225810K [0x0000000701000000, 0x0000000800000000)
  region size 2048K, 49 young (100352K), 7 survivors (14336K)
 Metaspace       used 105057K, committed 106112K, reserved 1179648K
  class space    used 10992K, committed 11456K, reserved 1048576K
}
Event: 20.982 GC heap after
{Heap after GC invocations=35 (full 0):
 garbage-first heap   total 256000K, used 145408K [0x0000000701000000, 0x0000000800000000)
  region size 2048K, 3 young (6144K), 3 survivors (6144K)
 Metaspace       used 105057K, committed 106112K, reserved 1179648K
  class space    used 10992K, committed 11456K, reserved 1048576K
}
Event: 21.689 GC heap before
{Heap before GC invocations=35 (full 0):
 garbage-first heap   total 256000K, used 233472K [0x0000000701000000, 0x0000000800000000)
  region size 2048K, 46 young (94208K), 3 survivors (6144K)
 Metaspace       used 105979K, committed 107008K, reserved 1179648K
  class space    used 11079K, committed 11584K, reserved 1048576K
}
Event: 21.695 GC heap after
{Heap after GC invocations=36 (full 0):
 garbage-first heap   total 256000K, used 148509K [0x0000000701000000, 0x0000000800000000)
  region size 2048K, 5 young (10240K), 5 survivors (10240K)
 Metaspace       used 105979K, committed 107008K, reserved 1179648K
  class space    used 11079K, committed 11584K, reserved 1048576K
}
Event: 22.627 GC heap before
{Heap before GC invocations=37 (full 0):
 garbage-first heap   total 256000K, used 230429K [0x0000000701000000, 0x0000000800000000)
  region size 2048K, 45 young (92160K), 5 survivors (10240K)
 Metaspace       used 107207K, committed 108288K, reserved 1179648K
  class space    used 11128K, committed 11648K, reserved 1048576K
}
Event: 22.636 GC heap after
{Heap after GC invocations=38 (full 0):
 garbage-first heap   total 256000K, used 156629K [0x0000000701000000, 0x0000000800000000)
  region size 2048K, 6 young (12288K), 6 survivors (12288K)
 Metaspace       used 107207K, committed 108288K, reserved 1179648K
  class space    used 11128K, committed 11648K, reserved 1048576K
}
Event: 23.167 GC heap before
{Heap before GC invocations=38 (full 0):
 garbage-first heap   total 256000K, used 228309K [0x0000000701000000, 0x0000000800000000)
  region size 2048K, 41 young (83968K), 6 survivors (12288K)
 Metaspace       used 107713K, committed 108800K, reserved 1179648K
  class space    used 11159K, committed 11648K, reserved 1048576K
}
Event: 23.191 GC heap after
{Heap after GC invocations=39 (full 0):
 garbage-first heap   total 256000K, used 138939K [0x0000000701000000, 0x0000000800000000)
  region size 2048K, 4 young (8192K), 4 survivors (8192K)
 Metaspace       used 107713K, committed 108800K, reserved 1179648K
  class space    used 11159K, committed 11648K, reserved 1048576K
}
Event: 23.753 GC heap before
{Heap before GC invocations=39 (full 0):
 garbage-first heap   total 256000K, used 231099K [0x0000000701000000, 0x0000000800000000)
  region size 2048K, 49 young (100352K), 4 survivors (8192K)
 Metaspace       used 107975K, committed 109056K, reserved 1179648K
  class space    used 11162K, committed 11648K, reserved 1048576K
}
Event: 23.780 GC heap after
{Heap after GC invocations=40 (full 0):
 garbage-first heap   total 307200K, used 125469K [0x0000000701000000, 0x0000000800000000)
  region size 2048K, 6 young (12288K), 6 survivors (12288K)
 Metaspace       used 107975K, committed 109056K, reserved 1179648K
  class space    used 11162K, committed 11648K, reserved 1048576K
}

Dll operation events (8 events):
Event: 0.005 Loaded shared library C:\Program Files\Java\jdk-21\bin\java.dll
Event: 0.030 Loaded shared library C:\Program Files\Java\jdk-21\bin\jsvml.dll
Event: 0.042 Loaded shared library C:\Program Files\Java\jdk-21\bin\net.dll
Event: 0.043 Loaded shared library C:\Program Files\Java\jdk-21\bin\nio.dll
Event: 0.046 Loaded shared library C:\Program Files\Java\jdk-21\bin\zip.dll
Event: 0.122 Loaded shared library C:\Program Files\Java\jdk-21\bin\jimage.dll
Event: 0.127 Loaded shared library C:\apache-maven-3.9.6-bin\apache-maven-3.9.6\lib\jansi-native\Windows\x86_64\jansi.dll
Event: 0.136 Loaded shared library C:\Program Files\Java\jdk-21\bin\verify.dll

Deoptimization events (20 events):
Event: 23.269 Thread 0x00000199302bd8c0 DEOPT PACKING pc=0x000001993c918154 sp=0x0000007cb74fbf60
Event: 23.269 Thread 0x00000199302bd8c0 DEOPT UNPACKING pc=0x000001993fca4e42 sp=0x0000007cb74fb470 mode 0
Event: 23.377 Thread 0x00000199302bd8c0 DEOPT PACKING pc=0x0000019938974244 sp=0x0000007cb74fb140
Event: 23.377 Thread 0x00000199302bd8c0 DEOPT UNPACKING pc=0x000001993fca4e42 sp=0x0000007cb74fa5f8 mode 0
Event: 23.382 Thread 0x00000199302bd8c0 DEOPT PACKING pc=0x000001993c32b0e5 sp=0x0000007cb74fba30
Event: 23.382 Thread 0x00000199302bd8c0 DEOPT UNPACKING pc=0x000001993fca4e42 sp=0x0000007cb74faec8 mode 0
Event: 23.465 Thread 0x00000199302bd8c0 DEOPT PACKING pc=0x000001993c5b6a8a sp=0x0000007cb74fbd90
Event: 23.465 Thread 0x00000199302bd8c0 DEOPT UNPACKING pc=0x000001993fca4e42 sp=0x0000007cb74fb2f0 mode 0
Event: 23.596 Thread 0x00000199302bd8c0 DEOPT PACKING pc=0x000001993a168c72 sp=0x0000007cb74fce30
Event: 23.596 Thread 0x00000199302bd8c0 DEOPT UNPACKING pc=0x000001993fca4e42 sp=0x0000007cb74fc3b0 mode 0
Event: 23.605 Thread 0x00000199302bd8c0 DEOPT PACKING pc=0x00000199396cd47a sp=0x0000007cb74fcd30
Event: 23.605 Thread 0x00000199302bd8c0 DEOPT UNPACKING pc=0x000001993fca4e42 sp=0x0000007cb74fc240 mode 0
Event: 23.706 Thread 0x00000199302bd8c0 DEOPT PACKING pc=0x00000199389d13ae sp=0x0000007cb74fcf60
Event: 23.706 Thread 0x00000199302bd8c0 DEOPT UNPACKING pc=0x000001993fca4e42 sp=0x0000007cb74fc460 mode 0
Event: 23.841 Thread 0x00000199302bd8c0 Uncommon trap: trap_request=0xffffff6e fr.pc=0x0000019941039cb8 relative=0x0000000000005d58
Event: 23.842 Thread 0x00000199302bd8c0 Uncommon trap: reason=loop_limit_check action=maybe_recompile pc=0x0000019941039cb8 method=org.jetbrains.kotlin.codegen.optimization.RedundantNopsCleanupMethodTransformer.recordNopsRequiredForDebugger(Lorg/jetbrains/org/objectweb/asm/tree/MethodNode;Ljava
Event: 23.842 Thread 0x00000199302bd8c0 DEOPT PACKING pc=0x0000019941039cb8 sp=0x0000007cb74fb070
Event: 23.842 Thread 0x00000199302bd8c0 DEOPT UNPACKING pc=0x000001993fca46a2 sp=0x0000007cb74fafa0 mode 2
Event: 23.891 Thread 0x00000199302bd8c0 DEOPT PACKING pc=0x00000199398dfa24 sp=0x0000007cb74fcd90
Event: 23.891 Thread 0x00000199302bd8c0 DEOPT UNPACKING pc=0x000001993fca4e42 sp=0x0000007cb74fc238 mode 0

Classes loaded (20 events):
Event: 13.195 Loading class sun/security/provider/MD5
Event: 13.195 Loading class sun/security/provider/MD5 done
Event: 13.196 Loading class sun/security/provider/ByteArrayAccess$LE
Event: 13.196 Loading class sun/security/provider/ByteArrayAccess$LE done
Event: 13.196 Loading class java/util/Base64
Event: 13.196 Loading class java/util/Base64 done
Event: 13.196 Loading class java/util/Base64$Encoder
Event: 13.196 Loading class java/util/Base64$Encoder done
Event: 14.279 Loading class java/util/Vector$Itr
Event: 14.279 Loading class java/util/Vector$Itr done
Event: 16.115 Loading class java/util/ComparableTimSort
Event: 16.115 Loading class java/util/ComparableTimSort done
Event: 16.130 Loading class java/util/Comparators$NullComparator
Event: 16.130 Loading class java/util/Comparators$NullComparator done
Event: 21.665 Loading class java/text/ChoiceFormat
Event: 21.665 Loading class java/text/ChoiceFormat done
Event: 21.674 Loading class java/lang/invoke/DirectMethodHandle$1
Event: 21.674 Loading class java/lang/invoke/DirectMethodHandle$1 done
Event: 21.676 Loading class java/text/MessageFormat$Field
Event: 21.677 Loading class java/text/MessageFormat$Field done

Classes unloaded (0 events):
No events

Classes redefined (0 events):
No events

Internal exceptions (20 events):
Event: 12.015 Thread 0x00000199302bd8c0 Exception <a 'java/lang/NoSuchMethodError'{0x00000007084b58f0}: 'java.lang.Object java.lang.invoke.DirectMethodHandle$Holder.invokeStatic(java.lang.Object, java.lang.Object, java.lang.Object, int, int, java.lang.Object, java.lang.Object, java.lang.Object, java.lang.Object)'> (0x00000007084b58f0) 
thrown [s\open\src\hotspot\share\interpreter\linkResolver.cpp, line 773]
Event: 12.015 Thread 0x00000199302bd8c0 Exception <a 'java/lang/NoSuchMethodError'{0x00000007084be640}: 'java.lang.Object java.lang.invoke.DirectMethodHandle$Holder.newInvokeSpecial(java.lang.Object, java.lang.Object, java.lang.Object, int, int, java.lang.Object)'> (0x00000007084be640) 
thrown [s\open\src\hotspot\share\interpreter\linkResolver.cpp, line 773]
Event: 12.015 Thread 0x00000199302bd8c0 Exception <a 'java/lang/NoSuchMethodError'{0x00000007084c5d78}: 'java.lang.Object java.lang.invoke.Invokers$Holder.linkToTargetMethod(java.lang.Object, java.lang.Object, int, int, java.lang.Object, java.lang.Object)'> (0x00000007084c5d78) 
thrown [s\open\src\hotspot\share\interpreter\linkResolver.cpp, line 773]
Event: 12.137 Thread 0x00000199302bd8c0 Exception <a 'java/lang/NoSuchMethodError'{0x0000000707f9a148}: 'java.lang.Object java.lang.invoke.DirectMethodHandle$Holder.newInvokeSpecial(java.lang.Object, java.lang.Object, java.lang.Object, int, int)'> (0x0000000707f9a148) 
thrown [s\open\src\hotspot\share\interpreter\linkResolver.cpp, line 773]
Event: 12.138 Thread 0x00000199302bd8c0 Exception <a 'java/lang/NoSuchMethodError'{0x0000000707f9dfa8}: 'java.lang.Object java.lang.invoke.DirectMethodHandle$Holder.invokeSpecial(java.lang.Object, java.lang.Object, java.lang.Object, java.lang.Object, int, int)'> (0x0000000707f9dfa8) 
thrown [s\open\src\hotspot\share\interpreter\linkResolver.cpp, line 773]
Event: 12.138 Thread 0x00000199302bd8c0 Exception <a 'java/lang/NoSuchMethodError'{0x0000000707fa1a20}: 'java.lang.Object java.lang.invoke.Invokers$Holder.linkToTargetMethod(java.lang.Object, java.lang.Object, int, int, java.lang.Object)'> (0x0000000707fa1a20) 
thrown [s\open\src\hotspot\share\interpreter\linkResolver.cpp, line 773]
Event: 12.419 Thread 0x00000199302bd8c0 Exception <a 'java/lang/NoSuchMethodError'{0x000000070710d988}: 'java.lang.Object java.lang.invoke.DirectMethodHandle$Holder.newInvokeSpecial(java.lang.Object, java.lang.Object, int, int, java.lang.Object, java.lang.Object, java.lang.Object)'> (0x000000070710d988) 
thrown [s\open\src\hotspot\share\interpreter\linkResolver.cpp, line 773]
Event: 12.419 Thread 0x00000199302bd8c0 Exception <a 'java/lang/NoSuchMethodError'{0x0000000707111fb8}: 'java.lang.Object java.lang.invoke.DirectMethodHandle$Holder.invokeSpecial(java.lang.Object, java.lang.Object, java.lang.Object, int, int, java.lang.Object, java.lang.Object, java.lang.Object)'> (0x0000000707111fb8) 
thrown [s\open\src\hotspot\share\interpreter\linkResolver.cpp, line 773]
Event: 13.198 Thread 0x00000199302bd8c0 Implicit null exception at 0x0000019940b5d987 to 0x0000019940b5dbc8
Event: 13.199 Thread 0x00000199302bd8c0 Implicit null exception at 0x0000019940b6976c to 0x0000019940b697f5
Event: 14.077 Thread 0x00000199302bd8c0 Implicit null exception at 0x0000019940c8fbac to 0x0000019940c904c8
Event: 14.594 Thread 0x00000199302bd8c0 Implicit null exception at 0x0000019940cf88c1 to 0x0000019940cf8bf4
Event: 16.229 Thread 0x00000199302bd8c0 Exception <a 'sun/nio/fs/WindowsException'{0x000000070adeae58}> (0x000000070adeae58) 
thrown [s\open\src\hotspot\share\prims\jni.cpp, line 520]
Event: 16.229 Thread 0x00000199302bd8c0 Exception <a 'sun/nio/fs/WindowsException'{0x000000070adeb688}> (0x000000070adeb688) 
thrown [s\open\src\hotspot\share\prims\jni.cpp, line 520]
Event: 16.230 Thread 0x00000199302bd8c0 Exception <a 'java/lang/NoSuchMethodError'{0x000000070adf60f0}: 'void java.lang.invoke.Invokers$Holder.invokeExact_MT(java.lang.Object, java.lang.Object, java.lang.Object)'> (0x000000070adf60f0) 
thrown [s\open\src\hotspot\share\interpreter\linkResolver.cpp, line 773]
Event: 16.408 Thread 0x00000199302bd8c0 Implicit null exception at 0x0000019940cdb354 to 0x0000019940cdc5a8
Event: 18.355 Thread 0x00000199302bd8c0 Implicit null exception at 0x00000199408139e0 to 0x0000019940813ad0
Event: 21.638 Thread 0x00000199302bd8c0 Exception <a 'java/lang/NoSuchMethodError'{0x000000070aae9dc0}: 'int java.lang.invoke.Invokers$Holder.invokeExact_MT(java.lang.Object, java.lang.Object, java.lang.Object)'> (0x000000070aae9dc0) 
thrown [s\open\src\hotspot\share\interpreter\linkResolver.cpp, line 773]
Event: 21.659 Thread 0x00000199302bd8c0 Exception <a 'java/lang/NoSuchMethodError'{0x000000070a872130}: 'java.lang.Object java.lang.invoke.DirectMethodHandle$Holder.invokeStaticInit(java.lang.Object, java.lang.Object, java.lang.Object, java.lang.Object)'> (0x000000070a872130) 
thrown [s\open\src\hotspot\share\interpreter\linkResolver.cpp, line 773]
Event: 23.202 Thread 0x00000199302bd8c0 Implicit null exception at 0x0000019940f12509 to 0x0000019940f12e38

ZGC Phase Switch (0 events):
No events

VM Operations (20 events):
Event: 22.735 Executing VM operation: ICBufferFull
Event: 22.735 Executing VM operation: ICBufferFull done
Event: 22.886 Executing VM operation: HandshakeAllThreads (Deoptimize)
Event: 22.887 Executing VM operation: HandshakeAllThreads (Deoptimize) done
Event: 22.896 Executing VM operation: HandshakeAllThreads (Deoptimize)
Event: 22.896 Executing VM operation: HandshakeAllThreads (Deoptimize) done
Event: 22.900 Executing VM operation: HandshakeAllThreads (Deoptimize)
Event: 22.900 Executing VM operation: HandshakeAllThreads (Deoptimize) done
Event: 22.931 Executing VM operation: ICBufferFull
Event: 22.931 Executing VM operation: ICBufferFull done
Event: 23.017 Executing VM operation: HandshakeAllThreads (Deoptimize)
Event: 23.017 Executing VM operation: HandshakeAllThreads (Deoptimize) done
Event: 23.140 Executing VM operation: ICBufferFull
Event: 23.140 Executing VM operation: ICBufferFull done
Event: 23.167 Executing VM operation: G1CollectForAllocation (G1 Evacuation Pause)
Event: 23.191 Executing VM operation: G1CollectForAllocation (G1 Evacuation Pause) done
Event: 23.430 Executing VM operation: ICBufferFull
Event: 23.430 Executing VM operation: ICBufferFull done
Event: 23.753 Executing VM operation: G1CollectForAllocation (G1 Evacuation Pause)
Event: 23.780 Executing VM operation: G1CollectForAllocation (G1 Evacuation Pause) done

Events (20 events):
Event: 21.783 Thread 0x000001994efe2750 flushing nmethod 0x0000019940763110
Event: 21.783 Thread 0x000001994efe2750 flushing nmethod 0x00000199406ff590
Event: 21.783 Thread 0x000001994efe2750 flushing nmethod 0x00000199406e0490
Event: 21.783 Thread 0x000001994efe2750 flushing nmethod 0x00000199406c5a10
Event: 21.783 Thread 0x000001994efe2750 flushing nmethod 0x00000199406bfe90
Event: 21.783 Thread 0x000001994efe2750 flushing nmethod 0x00000199406b9290
Event: 21.783 Thread 0x000001994efe2750 flushing nmethod 0x0000019940699a90
Event: 21.783 Thread 0x000001994efe2750 flushing nmethod 0x0000019940455b90
Event: 21.783 Thread 0x000001994efe2750 flushing nmethod 0x000001994060b690
Event: 21.783 Thread 0x000001994efe2750 flushing nmethod 0x000001994060ad90
Event: 21.783 Thread 0x000001994efe2750 flushing nmethod 0x000001994060a690
Event: 21.783 Thread 0x000001994efe2750 flushing nmethod 0x000001994033c710
Event: 21.783 Thread 0x000001994efe2750 flushing nmethod 0x0000019940438110
Event: 21.783 Thread 0x000001994efe2750 flushing nmethod 0x0000019940426690
Event: 21.783 Thread 0x000001994efe2750 flushing nmethod 0x00000199404a5210
Event: 21.783 Thread 0x000001994efe2750 flushing nmethod 0x0000019940396f90
Event: 21.783 Thread 0x000001994efe2750 flushing nmethod 0x0000019940444a90
Event: 21.783 Thread 0x000001994efe2750 flushing nmethod 0x0000019940444010
Event: 21.783 Thread 0x000001994efe2750 flushing nmethod 0x00000199402fef10
Event: 21.783 Thread 0x000001994efe2750 flushing nmethod 0x0000019940272f90


Dynamic libraries:
0x00007ff63aae0000 - 0x00007ff63aaf0000 	C:\Program Files\Java\jdk-21\bin\java.exe
0x00007ffa206b0000 - 0x00007ffa208a8000 	C:\Windows\SYSTEM32\ntdll.dll
0x00007ffa1eca0000 - 0x00007ffa1ed5d000 	C:\Windows\System32\KERNEL32.DLL
0x00007ffa1dd90000 - 0x00007ffa1e086000 	C:\Windows\System32\KERNELBASE.dll
0x00007ffa1e300000 - 0x00007ffa1e400000 	C:\Windows\System32\ucrtbase.dll
0x00007ffa195a0000 - 0x00007ffa195bb000 	C:\Program Files\Java\jdk-21\bin\VCRUNTIME140.dll
0x00007ffa18380000 - 0x00007ffa18399000 	C:\Program Files\Java\jdk-21\bin\jli.dll
0x00007ffa1fe70000 - 0x00007ffa1ff1e000 	C:\Windows\System32\ADVAPI32.dll
0x00007ffa1fdd0000 - 0x00007ffa1fe6e000 	C:\Windows\System32\msvcrt.dll
0x00007ffa1eb20000 - 0x00007ffa1ebbc000 	C:\Windows\System32\sechost.dll
0x00007ffa1fca0000 - 0x00007ffa1fdc6000 	C:\Windows\System32\RPCRT4.dll
0x00007ffa1e980000 - 0x00007ffa1eb1e000 	C:\Windows\System32\USER32.dll
0x00007ffa1e120000 - 0x00007ffa1e142000 	C:\Windows\System32\win32u.dll
0x00007ffa10250000 - 0x00007ffa104ea000 	C:\Windows\WinSxS\amd64_microsoft.windows.common-controls_6595b64144ccf1df_6.0.19041.3570_none_60bb2a3971f3e41a\COMCTL32.dll
0x00007ffa1e820000 - 0x00007ffa1e84c000 	C:\Windows\System32\GDI32.dll
0x00007ffa1e400000 - 0x00007ffa1e51a000 	C:\Windows\System32\gdi32full.dll
0x00007ffa1e520000 - 0x00007ffa1e5bd000 	C:\Windows\System32\msvcp_win.dll
0x00007ffa16130000 - 0x00007ffa1613a000 	C:\Windows\SYSTEM32\VERSION.dll
0x00007ffa1f250000 - 0x00007ffa1f280000 	C:\Windows\System32\IMM32.DLL
0x00007ffa19580000 - 0x00007ffa1958c000 	C:\Program Files\Java\jdk-21\bin\vcruntime140_1.dll
0x00007ffa13de0000 - 0x00007ffa13e6e000 	C:\Program Files\Java\jdk-21\bin\msvcp140.dll
0x00007ff9e2f70000 - 0x00007ff9e3c85000 	C:\Program Files\Java\jdk-21\bin\server\jvm.dll
0x00007ffa1f800000 - 0x00007ffa1f86b000 	C:\Windows\System32\WS2_32.dll
0x00007ffa1dbf0000 - 0x00007ffa1dc3b000 	C:\Windows\SYSTEM32\POWRPROF.dll
0x00007ffa0c1c0000 - 0x00007ffa0c1e7000 	C:\Windows\SYSTEM32\WINMM.dll
0x00007ffa1dbd0000 - 0x00007ffa1dbe2000 	C:\Windows\SYSTEM32\UMPDC.dll
0x00007ffa1bb50000 - 0x00007ffa1bb62000 	C:\Windows\SYSTEM32\kernel.appcore.dll
0x00007ffa15200000 - 0x00007ffa1520a000 	C:\Program Files\Java\jdk-21\bin\jimage.dll
0x00007ffa180d0000 - 0x00007ffa182b4000 	C:\Windows\SYSTEM32\DBGHELP.DLL
0x00007ffa17ec0000 - 0x00007ffa17ef4000 	C:\Windows\SYSTEM32\dbgcore.DLL
0x00007ffa1e090000 - 0x00007ffa1e112000 	C:\Windows\System32\bcryptPrimitives.dll
0x00007ffa151e0000 - 0x00007ffa151ff000 	C:\Program Files\Java\jdk-21\bin\java.dll
0x00007ffa1ff20000 - 0x00007ffa20664000 	C:\Windows\System32\SHELL32.dll
0x00007ffa1be30000 - 0x00007ffa1c5cb000 	C:\Windows\SYSTEM32\windows.storage.dll
0x00007ffa1f870000 - 0x00007ffa1fbc4000 	C:\Windows\System32\combase.dll
0x00007ffa1d620000 - 0x00007ffa1d64d000 	C:\Windows\SYSTEM32\Wldp.dll
0x00007ffa1e770000 - 0x00007ffa1e81d000 	C:\Windows\System32\SHCORE.dll
0x00007ffa1f4c0000 - 0x00007ffa1f515000 	C:\Windows\System32\shlwapi.dll
0x00007ffa1dcc0000 - 0x00007ffa1dce5000 	C:\Windows\SYSTEM32\profapi.dll
0x00007ffa13d00000 - 0x00007ffa13dd7000 	C:\Program Files\Java\jdk-21\bin\jsvml.dll
0x00007ffa13cf0000 - 0x00007ffa13d00000 	C:\Program Files\Java\jdk-21\bin\net.dll
0x00007ffa18710000 - 0x00007ffa1881a000 	C:\Windows\SYSTEM32\WINHTTP.dll
0x00007ffa1d400000 - 0x00007ffa1d46a000 	C:\Windows\system32\mswsock.dll
0x00007ffa134d0000 - 0x00007ffa134e6000 	C:\Program Files\Java\jdk-21\bin\nio.dll
0x00007ffa134b0000 - 0x00007ffa134c8000 	C:\Program Files\Java\jdk-21\bin\zip.dll
0x0000000069ac0000 - 0x0000000069ae4000 	C:\apache-maven-3.9.6-bin\apache-maven-3.9.6\lib\jansi-native\Windows\x86_64\jansi.dll
0x00007ffa134a0000 - 0x00007ffa134b0000 	C:\Program Files\Java\jdk-21\bin\verify.dll

dbghelp: loaded successfully - version: 4.0.5 - missing functions: none
symbol engine: initialized successfully - sym options: 0x614 - pdb path: .;C:\Program Files\Java\jdk-21\bin;C:\Windows\SYSTEM32;C:\Windows\WinSxS\amd64_microsoft.windows.common-controls_6595b64144ccf1df_6.0.19041.3570_none_60bb2a3971f3e41a;C:\Program Files\Java\jdk-21\bin\server;C:\apache-maven-3.9.6-bin\apache-maven-3.9.6\lib\jansi-native\Windows\x86_64

VM Arguments:
jvm_args: -Dclassworlds.conf=C:\\apache-maven-3.9.6-bin\\apache-maven-3.9.6\\bin\\m2.conf -Dmaven.home=C:\\apache-maven-3.9.6-bin\\apache-maven-3.9.6 -Dlibrary.jansi.path=C:\\apache-maven-3.9.6-bin\\apache-maven-3.9.6\\lib\\jansi-native -Dmaven.multiModuleProjectDirectory=C:\\Users\\Barbara\\Desktop\\systematic 
java_command: org.codehaus.plexus.classworlds.launcher.Launcher install
java_class_path (initial): C:\\apache-maven-3.9.6-bin\\apache-maven-3.9.6\\boot\\plexus-classworlds-2.7.0.jar
Launcher Type: SUN_STANDARD

[Global flags]
     intx CICompilerCount                          = 3                                         {product} {ergonomic}
     uint ConcGCThreads                            = 2                                         {product} {ergonomic}
     uint G1ConcRefinementThreads                  = 6                                         {product} {ergonomic}
   size_t G1HeapRegionSize                         = 2097152                                   {product} {ergonomic}
    uintx GCDrainStackTargetSize                   = 64                                        {product} {ergonomic}
   size_t InitialHeapSize                          = 268435456                                 {product} {ergonomic}
   size_t MarkStackSize                            = 4194304                                   {product} {ergonomic}
   size_t MaxHeapSize                              = 4278190080                                {product} {ergonomic}
   size_t MaxNewSize                               = 2566914048                                {product} {ergonomic}
   size_t MinHeapDeltaBytes                        = 2097152                                   {product} {ergonomic}
   size_t MinHeapSize                              = 8388608                                   {product} {ergonomic}
    uintx NonNMethodCodeHeapSize                   = 5832780                                {pd product} {ergonomic}
    uintx NonProfiledCodeHeapSize                  = 122912730                              {pd product} {ergonomic}
    uintx ProfiledCodeHeapSize                     = 122912730                              {pd product} {ergonomic}
    uintx ReservedCodeCacheSize                    = 251658240                              {pd product} {ergonomic}
     bool SegmentedCodeCache                       = true                                      {product} {ergonomic}
   size_t SoftMaxHeapSize                          = 4278190080                             {manageable} {ergonomic}
     bool UseCompressedOops                        = true                           {product lp64_product} {ergonomic}
     bool UseG1GC                                  = true                                      {product} {ergonomic}
     bool UseLargePagesIndividualAllocation        = false                                  {pd product} {ergonomic}

Logging:
Log output configuration:
 #0: stdout all=warning uptime,level,tags foldmultilines=false
 #1: stderr all=off uptime,level,tags foldmultilines=false

Environment Variables:
PATH=C:\Program Files\Common Files\Oracle\Java\javapath;C:\Windows\system32;C:\Windows;C:\Windows\System32\Wbem;C:\Windows\System32\WindowsPowerShell\v1.0\;C:\Windows\System32\OpenSSH\;C:\Program Files\Git\cmd;C:\Program Files\Docker\Docker\resources\bin;C:\apache-maven-3.9.6-bin\apache-maven-3.9.6\bin;C:\Users\Barbara\AppData\Local\Microsoft\WindowsApps;C:\Users\Barbara\AppData\Local\GitHubDesktop\bin;C:\Program Files\JetBrains\IntelliJ IDEA 2023.1.3\bin;;C:\Users\Barbara\AppData\Local\Programs\Microsoft VS Code\bin;C:\apache-maven-3.9.6-bin\apache-maven-3.9.6\bin;
USERNAME=Barbara
OS=Windows_NT
PROCESSOR_IDENTIFIER=Intel64 Family 6 Model 158 Stepping 10, GenuineIntel
TMP=C:\Users\Barbara\AppData\Local\Temp
TEMP=C:\Users\Barbara\AppData\Local\Temp




Periodic native trim disabled

---------------  S Y S T E M  ---------------

OS:
 Windows 10 , 64 bit Build 19041 (10.0.19041.3570)
OS uptime: 0 days 0:48 hours
Hyper-V role detected

CPU: total 6 (initial active 6) (6 cores per cpu, 1 threads per core) family 6 model 158 stepping 10 microcode 0xd6, cx8, cmov, fxsr, mmx, 3dnowpref, sse, sse2, sse3, ssse3, sse4.1, sse4.2, popcnt, lzcnt, tsc, tscinvbit, avx, avx2, aes, erms, clmul, bmi1, bmi2, adx, fma, vzeroupper, clflush, clflushopt, hv, rdtscp, f16c
Processor Information for all 6 processors :
  Max Mhz: 2904, Current Mhz: 2904, Mhz Limit: 2904

Memory: 4k page, system-wide physical 16319M (5506M free)
TotalPageFile size 19263M (AvailPageFile size 7196M)
current process WorkingSet (physical memory assigned to process): 627M, peak: 627M
current process commit charge ("private bytes"): 678M, peak: 683M

vm_info: Java HotSpot(TM) 64-Bit Server VM (21.0.1+12-LTS-29) for windows-amd64 JRE (21.0.1+12-LTS-29), built on 2023-10-05T13:27:09Z by "mach5one" with MS VC++ 17.1 (VS2022)

END.
